
hello_world.elf:     file format elf32-littleriscv


Disassembly of section .text:

00000000 <_start>:
   0:	00001197          	auipc	gp,0x1
   4:	96018193          	addi	gp,gp,-1696 # 960 <__global_pointer$>
   8:	00001117          	auipc	sp,0x1
   c:	15810113          	addi	sp,sp,344 # 1160 <__heap_start>

00000010 <bss_init>:
  10:	16000513          	li	a0,352
  14:	16000593          	li	a1,352

00000018 <bss_loop>:
  18:	00b50863          	beq	a0,a1,28 <bss_done>
  1c:	00052023          	sw	zero,0(a0)
  20:	00450513          	addi	a0,a0,4
  24:	ff5ff06f          	j	18 <bss_loop>

00000028 <bss_done>:
  28:	16000513          	li	a0,352
  2c:	ffc10113          	addi	sp,sp,-4

00000030 <ctors_loop>:
  30:	16000593          	li	a1,352
  34:	00b50e63          	beq	a0,a1,50 <ctors_done>
  38:	00052683          	lw	a3,0(a0)
  3c:	00450513          	addi	a0,a0,4
  40:	00a12023          	sw	a0,0(sp)
  44:	000680e7          	jalr	a3
  48:	00012503          	lw	a0,0(sp)
  4c:	fe5ff06f          	j	30 <ctors_loop>

00000050 <ctors_done>:
  50:	00410113          	addi	sp,sp,4
  54:	004000ef          	jal	ra,58 <main>

00000058 <main>:
  58:	ff010113          	addi	sp,sp,-16
  5c:	00812423          	sw	s0,8(sp)
  60:	00912223          	sw	s1,4(sp)
  64:	00112623          	sw	ra,12(sp)
  68:	ff0004b7          	lui	s1,0xff000
  6c:	28a00793          	li	a5,650
  70:	0004a023          	sw	zero,0(s1) # ff000000 <__heap_end+0xfeff0000>
  74:	20f4a223          	sw	a5,516(s1)
  78:	15000513          	li	a0,336
  7c:	048000ef          	jal	ra,c4 <strlen>
  80:	00500793          	li	a5,5
  84:	00150813          	addi	a6,a0,1
  88:	00f4a023          	sw	a5,0(s1)
  8c:	15000513          	li	a0,336
  90:	ff000737          	lui	a4,0xff000
  94:	00050613          	mv	a2,a0
  98:	00000693          	li	a3,0
  9c:	00064583          	lbu	a1,0(a2)
  a0:	20872783          	lw	a5,520(a4) # ff000208 <__heap_end+0xfeff0208>
  a4:	0037d793          	srli	a5,a5,0x3
  a8:	0017f793          	andi	a5,a5,1
  ac:	fe079ae3          	bnez	a5,a0 <main+0x48>
  b0:	20b72623          	sw	a1,524(a4)
  b4:	00168693          	addi	a3,a3,1
  b8:	00160613          	addi	a2,a2,1
  bc:	ff06c0e3          	blt	a3,a6,9c <main+0x44>
  c0:	fd5ff06f          	j	94 <main+0x3c>

000000c4 <strlen>:
  c4:	00357793          	andi	a5,a0,3
  c8:	00050713          	mv	a4,a0
  cc:	04079c63          	bnez	a5,124 <strlen+0x60>
  d0:	7f7f86b7          	lui	a3,0x7f7f8
  d4:	f7f68693          	addi	a3,a3,-129 # 7f7f7f7f <__heap_end+0x7f7e7f7f>
  d8:	fff00593          	li	a1,-1
  dc:	00072603          	lw	a2,0(a4)
  e0:	00470713          	addi	a4,a4,4
  e4:	00d677b3          	and	a5,a2,a3
  e8:	00d787b3          	add	a5,a5,a3
  ec:	00c7e7b3          	or	a5,a5,a2
  f0:	00d7e7b3          	or	a5,a5,a3
  f4:	feb784e3          	beq	a5,a1,dc <strlen+0x18>
  f8:	ffc74683          	lbu	a3,-4(a4)
  fc:	40a707b3          	sub	a5,a4,a0
 100:	04068463          	beqz	a3,148 <strlen+0x84>
 104:	ffd74683          	lbu	a3,-3(a4)
 108:	02068c63          	beqz	a3,140 <strlen+0x7c>
 10c:	ffe74503          	lbu	a0,-2(a4)
 110:	00a03533          	snez	a0,a0
 114:	00f50533          	add	a0,a0,a5
 118:	ffe50513          	addi	a0,a0,-2
 11c:	00008067          	ret
 120:	fa0688e3          	beqz	a3,d0 <strlen+0xc>
 124:	00074783          	lbu	a5,0(a4)
 128:	00170713          	addi	a4,a4,1
 12c:	00377693          	andi	a3,a4,3
 130:	fe0798e3          	bnez	a5,120 <strlen+0x5c>
 134:	40a70733          	sub	a4,a4,a0
 138:	fff70513          	addi	a0,a4,-1
 13c:	00008067          	ret
 140:	ffd78513          	addi	a0,a5,-3
 144:	00008067          	ret
 148:	ffc78513          	addi	a0,a5,-4
 14c:	00008067          	ret

Disassembly of section .data:

00000150 <__global_pointer$-0x810>:
 150:	6548                	.2byte	0x6548
 152:	6c6c                	.2byte	0x6c6c
 154:	57202c6f          	jal	s8,26c6 <__heap_start+0x1566>
 158:	646c726f          	jal	tp,c779e <__heap_end+0xb779e>
 15c:	0a21                	.2byte	0xa21
 15e:	0000                	.2byte	0x0

Disassembly of section .stack:

00000160 <__sp-0x1000>:
     160:	0000                	.2byte	0x0
     162:	0000                	.2byte	0x0
     164:	0000                	.2byte	0x0
     166:	0000                	.2byte	0x0
     168:	0000                	.2byte	0x0
     16a:	0000                	.2byte	0x0
     16c:	0000                	.2byte	0x0
     16e:	0000                	.2byte	0x0
     170:	0000                	.2byte	0x0
     172:	0000                	.2byte	0x0
     174:	0000                	.2byte	0x0
     176:	0000                	.2byte	0x0
     178:	0000                	.2byte	0x0
     17a:	0000                	.2byte	0x0
     17c:	0000                	.2byte	0x0
     17e:	0000                	.2byte	0x0
     180:	0000                	.2byte	0x0
     182:	0000                	.2byte	0x0
     184:	0000                	.2byte	0x0
     186:	0000                	.2byte	0x0
     188:	0000                	.2byte	0x0
     18a:	0000                	.2byte	0x0
     18c:	0000                	.2byte	0x0
     18e:	0000                	.2byte	0x0
     190:	0000                	.2byte	0x0
     192:	0000                	.2byte	0x0
     194:	0000                	.2byte	0x0
     196:	0000                	.2byte	0x0
     198:	0000                	.2byte	0x0
     19a:	0000                	.2byte	0x0
     19c:	0000                	.2byte	0x0
     19e:	0000                	.2byte	0x0
     1a0:	0000                	.2byte	0x0
     1a2:	0000                	.2byte	0x0
     1a4:	0000                	.2byte	0x0
     1a6:	0000                	.2byte	0x0
     1a8:	0000                	.2byte	0x0
     1aa:	0000                	.2byte	0x0
     1ac:	0000                	.2byte	0x0
     1ae:	0000                	.2byte	0x0
     1b0:	0000                	.2byte	0x0
     1b2:	0000                	.2byte	0x0
     1b4:	0000                	.2byte	0x0
     1b6:	0000                	.2byte	0x0
     1b8:	0000                	.2byte	0x0
     1ba:	0000                	.2byte	0x0
     1bc:	0000                	.2byte	0x0
     1be:	0000                	.2byte	0x0
     1c0:	0000                	.2byte	0x0
     1c2:	0000                	.2byte	0x0
     1c4:	0000                	.2byte	0x0
     1c6:	0000                	.2byte	0x0
     1c8:	0000                	.2byte	0x0
     1ca:	0000                	.2byte	0x0
     1cc:	0000                	.2byte	0x0
     1ce:	0000                	.2byte	0x0
     1d0:	0000                	.2byte	0x0
     1d2:	0000                	.2byte	0x0
     1d4:	0000                	.2byte	0x0
     1d6:	0000                	.2byte	0x0
     1d8:	0000                	.2byte	0x0
     1da:	0000                	.2byte	0x0
     1dc:	0000                	.2byte	0x0
     1de:	0000                	.2byte	0x0
     1e0:	0000                	.2byte	0x0
     1e2:	0000                	.2byte	0x0
     1e4:	0000                	.2byte	0x0
     1e6:	0000                	.2byte	0x0
     1e8:	0000                	.2byte	0x0
     1ea:	0000                	.2byte	0x0
     1ec:	0000                	.2byte	0x0
     1ee:	0000                	.2byte	0x0
     1f0:	0000                	.2byte	0x0
     1f2:	0000                	.2byte	0x0
     1f4:	0000                	.2byte	0x0
     1f6:	0000                	.2byte	0x0
     1f8:	0000                	.2byte	0x0
     1fa:	0000                	.2byte	0x0
     1fc:	0000                	.2byte	0x0
     1fe:	0000                	.2byte	0x0
     200:	0000                	.2byte	0x0
     202:	0000                	.2byte	0x0
     204:	0000                	.2byte	0x0
     206:	0000                	.2byte	0x0
     208:	0000                	.2byte	0x0
     20a:	0000                	.2byte	0x0
     20c:	0000                	.2byte	0x0
     20e:	0000                	.2byte	0x0
     210:	0000                	.2byte	0x0
     212:	0000                	.2byte	0x0
     214:	0000                	.2byte	0x0
     216:	0000                	.2byte	0x0
     218:	0000                	.2byte	0x0
     21a:	0000                	.2byte	0x0
     21c:	0000                	.2byte	0x0
     21e:	0000                	.2byte	0x0
     220:	0000                	.2byte	0x0
     222:	0000                	.2byte	0x0
     224:	0000                	.2byte	0x0
     226:	0000                	.2byte	0x0
     228:	0000                	.2byte	0x0
     22a:	0000                	.2byte	0x0
     22c:	0000                	.2byte	0x0
     22e:	0000                	.2byte	0x0
     230:	0000                	.2byte	0x0
     232:	0000                	.2byte	0x0
     234:	0000                	.2byte	0x0
     236:	0000                	.2byte	0x0
     238:	0000                	.2byte	0x0
     23a:	0000                	.2byte	0x0
     23c:	0000                	.2byte	0x0
     23e:	0000                	.2byte	0x0
     240:	0000                	.2byte	0x0
     242:	0000                	.2byte	0x0
     244:	0000                	.2byte	0x0
     246:	0000                	.2byte	0x0
     248:	0000                	.2byte	0x0
     24a:	0000                	.2byte	0x0
     24c:	0000                	.2byte	0x0
     24e:	0000                	.2byte	0x0
     250:	0000                	.2byte	0x0
     252:	0000                	.2byte	0x0
     254:	0000                	.2byte	0x0
     256:	0000                	.2byte	0x0
     258:	0000                	.2byte	0x0
     25a:	0000                	.2byte	0x0
     25c:	0000                	.2byte	0x0
     25e:	0000                	.2byte	0x0
     260:	0000                	.2byte	0x0
     262:	0000                	.2byte	0x0
     264:	0000                	.2byte	0x0
     266:	0000                	.2byte	0x0
     268:	0000                	.2byte	0x0
     26a:	0000                	.2byte	0x0
     26c:	0000                	.2byte	0x0
     26e:	0000                	.2byte	0x0
     270:	0000                	.2byte	0x0
     272:	0000                	.2byte	0x0
     274:	0000                	.2byte	0x0
     276:	0000                	.2byte	0x0
     278:	0000                	.2byte	0x0
     27a:	0000                	.2byte	0x0
     27c:	0000                	.2byte	0x0
     27e:	0000                	.2byte	0x0
     280:	0000                	.2byte	0x0
     282:	0000                	.2byte	0x0
     284:	0000                	.2byte	0x0
     286:	0000                	.2byte	0x0
     288:	0000                	.2byte	0x0
     28a:	0000                	.2byte	0x0
     28c:	0000                	.2byte	0x0
     28e:	0000                	.2byte	0x0
     290:	0000                	.2byte	0x0
     292:	0000                	.2byte	0x0
     294:	0000                	.2byte	0x0
     296:	0000                	.2byte	0x0
     298:	0000                	.2byte	0x0
     29a:	0000                	.2byte	0x0
     29c:	0000                	.2byte	0x0
     29e:	0000                	.2byte	0x0
     2a0:	0000                	.2byte	0x0
     2a2:	0000                	.2byte	0x0
     2a4:	0000                	.2byte	0x0
     2a6:	0000                	.2byte	0x0
     2a8:	0000                	.2byte	0x0
     2aa:	0000                	.2byte	0x0
     2ac:	0000                	.2byte	0x0
     2ae:	0000                	.2byte	0x0
     2b0:	0000                	.2byte	0x0
     2b2:	0000                	.2byte	0x0
     2b4:	0000                	.2byte	0x0
     2b6:	0000                	.2byte	0x0
     2b8:	0000                	.2byte	0x0
     2ba:	0000                	.2byte	0x0
     2bc:	0000                	.2byte	0x0
     2be:	0000                	.2byte	0x0
     2c0:	0000                	.2byte	0x0
     2c2:	0000                	.2byte	0x0
     2c4:	0000                	.2byte	0x0
     2c6:	0000                	.2byte	0x0
     2c8:	0000                	.2byte	0x0
     2ca:	0000                	.2byte	0x0
     2cc:	0000                	.2byte	0x0
     2ce:	0000                	.2byte	0x0
     2d0:	0000                	.2byte	0x0
     2d2:	0000                	.2byte	0x0
     2d4:	0000                	.2byte	0x0
     2d6:	0000                	.2byte	0x0
     2d8:	0000                	.2byte	0x0
     2da:	0000                	.2byte	0x0
     2dc:	0000                	.2byte	0x0
     2de:	0000                	.2byte	0x0
     2e0:	0000                	.2byte	0x0
     2e2:	0000                	.2byte	0x0
     2e4:	0000                	.2byte	0x0
     2e6:	0000                	.2byte	0x0
     2e8:	0000                	.2byte	0x0
     2ea:	0000                	.2byte	0x0
     2ec:	0000                	.2byte	0x0
     2ee:	0000                	.2byte	0x0
     2f0:	0000                	.2byte	0x0
     2f2:	0000                	.2byte	0x0
     2f4:	0000                	.2byte	0x0
     2f6:	0000                	.2byte	0x0
     2f8:	0000                	.2byte	0x0
     2fa:	0000                	.2byte	0x0
     2fc:	0000                	.2byte	0x0
     2fe:	0000                	.2byte	0x0
     300:	0000                	.2byte	0x0
     302:	0000                	.2byte	0x0
     304:	0000                	.2byte	0x0
     306:	0000                	.2byte	0x0
     308:	0000                	.2byte	0x0
     30a:	0000                	.2byte	0x0
     30c:	0000                	.2byte	0x0
     30e:	0000                	.2byte	0x0
     310:	0000                	.2byte	0x0
     312:	0000                	.2byte	0x0
     314:	0000                	.2byte	0x0
     316:	0000                	.2byte	0x0
     318:	0000                	.2byte	0x0
     31a:	0000                	.2byte	0x0
     31c:	0000                	.2byte	0x0
     31e:	0000                	.2byte	0x0
     320:	0000                	.2byte	0x0
     322:	0000                	.2byte	0x0
     324:	0000                	.2byte	0x0
     326:	0000                	.2byte	0x0
     328:	0000                	.2byte	0x0
     32a:	0000                	.2byte	0x0
     32c:	0000                	.2byte	0x0
     32e:	0000                	.2byte	0x0
     330:	0000                	.2byte	0x0
     332:	0000                	.2byte	0x0
     334:	0000                	.2byte	0x0
     336:	0000                	.2byte	0x0
     338:	0000                	.2byte	0x0
     33a:	0000                	.2byte	0x0
     33c:	0000                	.2byte	0x0
     33e:	0000                	.2byte	0x0
     340:	0000                	.2byte	0x0
     342:	0000                	.2byte	0x0
     344:	0000                	.2byte	0x0
     346:	0000                	.2byte	0x0
     348:	0000                	.2byte	0x0
     34a:	0000                	.2byte	0x0
     34c:	0000                	.2byte	0x0
     34e:	0000                	.2byte	0x0
     350:	0000                	.2byte	0x0
     352:	0000                	.2byte	0x0
     354:	0000                	.2byte	0x0
     356:	0000                	.2byte	0x0
     358:	0000                	.2byte	0x0
     35a:	0000                	.2byte	0x0
     35c:	0000                	.2byte	0x0
     35e:	0000                	.2byte	0x0
     360:	0000                	.2byte	0x0
     362:	0000                	.2byte	0x0
     364:	0000                	.2byte	0x0
     366:	0000                	.2byte	0x0
     368:	0000                	.2byte	0x0
     36a:	0000                	.2byte	0x0
     36c:	0000                	.2byte	0x0
     36e:	0000                	.2byte	0x0
     370:	0000                	.2byte	0x0
     372:	0000                	.2byte	0x0
     374:	0000                	.2byte	0x0
     376:	0000                	.2byte	0x0
     378:	0000                	.2byte	0x0
     37a:	0000                	.2byte	0x0
     37c:	0000                	.2byte	0x0
     37e:	0000                	.2byte	0x0
     380:	0000                	.2byte	0x0
     382:	0000                	.2byte	0x0
     384:	0000                	.2byte	0x0
     386:	0000                	.2byte	0x0
     388:	0000                	.2byte	0x0
     38a:	0000                	.2byte	0x0
     38c:	0000                	.2byte	0x0
     38e:	0000                	.2byte	0x0
     390:	0000                	.2byte	0x0
     392:	0000                	.2byte	0x0
     394:	0000                	.2byte	0x0
     396:	0000                	.2byte	0x0
     398:	0000                	.2byte	0x0
     39a:	0000                	.2byte	0x0
     39c:	0000                	.2byte	0x0
     39e:	0000                	.2byte	0x0
     3a0:	0000                	.2byte	0x0
     3a2:	0000                	.2byte	0x0
     3a4:	0000                	.2byte	0x0
     3a6:	0000                	.2byte	0x0
     3a8:	0000                	.2byte	0x0
     3aa:	0000                	.2byte	0x0
     3ac:	0000                	.2byte	0x0
     3ae:	0000                	.2byte	0x0
     3b0:	0000                	.2byte	0x0
     3b2:	0000                	.2byte	0x0
     3b4:	0000                	.2byte	0x0
     3b6:	0000                	.2byte	0x0
     3b8:	0000                	.2byte	0x0
     3ba:	0000                	.2byte	0x0
     3bc:	0000                	.2byte	0x0
     3be:	0000                	.2byte	0x0
     3c0:	0000                	.2byte	0x0
     3c2:	0000                	.2byte	0x0
     3c4:	0000                	.2byte	0x0
     3c6:	0000                	.2byte	0x0
     3c8:	0000                	.2byte	0x0
     3ca:	0000                	.2byte	0x0
     3cc:	0000                	.2byte	0x0
     3ce:	0000                	.2byte	0x0
     3d0:	0000                	.2byte	0x0
     3d2:	0000                	.2byte	0x0
     3d4:	0000                	.2byte	0x0
     3d6:	0000                	.2byte	0x0
     3d8:	0000                	.2byte	0x0
     3da:	0000                	.2byte	0x0
     3dc:	0000                	.2byte	0x0
     3de:	0000                	.2byte	0x0
     3e0:	0000                	.2byte	0x0
     3e2:	0000                	.2byte	0x0
     3e4:	0000                	.2byte	0x0
     3e6:	0000                	.2byte	0x0
     3e8:	0000                	.2byte	0x0
     3ea:	0000                	.2byte	0x0
     3ec:	0000                	.2byte	0x0
     3ee:	0000                	.2byte	0x0
     3f0:	0000                	.2byte	0x0
     3f2:	0000                	.2byte	0x0
     3f4:	0000                	.2byte	0x0
     3f6:	0000                	.2byte	0x0
     3f8:	0000                	.2byte	0x0
     3fa:	0000                	.2byte	0x0
     3fc:	0000                	.2byte	0x0
     3fe:	0000                	.2byte	0x0
     400:	0000                	.2byte	0x0
     402:	0000                	.2byte	0x0
     404:	0000                	.2byte	0x0
     406:	0000                	.2byte	0x0
     408:	0000                	.2byte	0x0
     40a:	0000                	.2byte	0x0
     40c:	0000                	.2byte	0x0
     40e:	0000                	.2byte	0x0
     410:	0000                	.2byte	0x0
     412:	0000                	.2byte	0x0
     414:	0000                	.2byte	0x0
     416:	0000                	.2byte	0x0
     418:	0000                	.2byte	0x0
     41a:	0000                	.2byte	0x0
     41c:	0000                	.2byte	0x0
     41e:	0000                	.2byte	0x0
     420:	0000                	.2byte	0x0
     422:	0000                	.2byte	0x0
     424:	0000                	.2byte	0x0
     426:	0000                	.2byte	0x0
     428:	0000                	.2byte	0x0
     42a:	0000                	.2byte	0x0
     42c:	0000                	.2byte	0x0
     42e:	0000                	.2byte	0x0
     430:	0000                	.2byte	0x0
     432:	0000                	.2byte	0x0
     434:	0000                	.2byte	0x0
     436:	0000                	.2byte	0x0
     438:	0000                	.2byte	0x0
     43a:	0000                	.2byte	0x0
     43c:	0000                	.2byte	0x0
     43e:	0000                	.2byte	0x0
     440:	0000                	.2byte	0x0
     442:	0000                	.2byte	0x0
     444:	0000                	.2byte	0x0
     446:	0000                	.2byte	0x0
     448:	0000                	.2byte	0x0
     44a:	0000                	.2byte	0x0
     44c:	0000                	.2byte	0x0
     44e:	0000                	.2byte	0x0
     450:	0000                	.2byte	0x0
     452:	0000                	.2byte	0x0
     454:	0000                	.2byte	0x0
     456:	0000                	.2byte	0x0
     458:	0000                	.2byte	0x0
     45a:	0000                	.2byte	0x0
     45c:	0000                	.2byte	0x0
     45e:	0000                	.2byte	0x0
     460:	0000                	.2byte	0x0
     462:	0000                	.2byte	0x0
     464:	0000                	.2byte	0x0
     466:	0000                	.2byte	0x0
     468:	0000                	.2byte	0x0
     46a:	0000                	.2byte	0x0
     46c:	0000                	.2byte	0x0
     46e:	0000                	.2byte	0x0
     470:	0000                	.2byte	0x0
     472:	0000                	.2byte	0x0
     474:	0000                	.2byte	0x0
     476:	0000                	.2byte	0x0
     478:	0000                	.2byte	0x0
     47a:	0000                	.2byte	0x0
     47c:	0000                	.2byte	0x0
     47e:	0000                	.2byte	0x0
     480:	0000                	.2byte	0x0
     482:	0000                	.2byte	0x0
     484:	0000                	.2byte	0x0
     486:	0000                	.2byte	0x0
     488:	0000                	.2byte	0x0
     48a:	0000                	.2byte	0x0
     48c:	0000                	.2byte	0x0
     48e:	0000                	.2byte	0x0
     490:	0000                	.2byte	0x0
     492:	0000                	.2byte	0x0
     494:	0000                	.2byte	0x0
     496:	0000                	.2byte	0x0
     498:	0000                	.2byte	0x0
     49a:	0000                	.2byte	0x0
     49c:	0000                	.2byte	0x0
     49e:	0000                	.2byte	0x0
     4a0:	0000                	.2byte	0x0
     4a2:	0000                	.2byte	0x0
     4a4:	0000                	.2byte	0x0
     4a6:	0000                	.2byte	0x0
     4a8:	0000                	.2byte	0x0
     4aa:	0000                	.2byte	0x0
     4ac:	0000                	.2byte	0x0
     4ae:	0000                	.2byte	0x0
     4b0:	0000                	.2byte	0x0
     4b2:	0000                	.2byte	0x0
     4b4:	0000                	.2byte	0x0
     4b6:	0000                	.2byte	0x0
     4b8:	0000                	.2byte	0x0
     4ba:	0000                	.2byte	0x0
     4bc:	0000                	.2byte	0x0
     4be:	0000                	.2byte	0x0
     4c0:	0000                	.2byte	0x0
     4c2:	0000                	.2byte	0x0
     4c4:	0000                	.2byte	0x0
     4c6:	0000                	.2byte	0x0
     4c8:	0000                	.2byte	0x0
     4ca:	0000                	.2byte	0x0
     4cc:	0000                	.2byte	0x0
     4ce:	0000                	.2byte	0x0
     4d0:	0000                	.2byte	0x0
     4d2:	0000                	.2byte	0x0
     4d4:	0000                	.2byte	0x0
     4d6:	0000                	.2byte	0x0
     4d8:	0000                	.2byte	0x0
     4da:	0000                	.2byte	0x0
     4dc:	0000                	.2byte	0x0
     4de:	0000                	.2byte	0x0
     4e0:	0000                	.2byte	0x0
     4e2:	0000                	.2byte	0x0
     4e4:	0000                	.2byte	0x0
     4e6:	0000                	.2byte	0x0
     4e8:	0000                	.2byte	0x0
     4ea:	0000                	.2byte	0x0
     4ec:	0000                	.2byte	0x0
     4ee:	0000                	.2byte	0x0
     4f0:	0000                	.2byte	0x0
     4f2:	0000                	.2byte	0x0
     4f4:	0000                	.2byte	0x0
     4f6:	0000                	.2byte	0x0
     4f8:	0000                	.2byte	0x0
     4fa:	0000                	.2byte	0x0
     4fc:	0000                	.2byte	0x0
     4fe:	0000                	.2byte	0x0
     500:	0000                	.2byte	0x0
     502:	0000                	.2byte	0x0
     504:	0000                	.2byte	0x0
     506:	0000                	.2byte	0x0
     508:	0000                	.2byte	0x0
     50a:	0000                	.2byte	0x0
     50c:	0000                	.2byte	0x0
     50e:	0000                	.2byte	0x0
     510:	0000                	.2byte	0x0
     512:	0000                	.2byte	0x0
     514:	0000                	.2byte	0x0
     516:	0000                	.2byte	0x0
     518:	0000                	.2byte	0x0
     51a:	0000                	.2byte	0x0
     51c:	0000                	.2byte	0x0
     51e:	0000                	.2byte	0x0
     520:	0000                	.2byte	0x0
     522:	0000                	.2byte	0x0
     524:	0000                	.2byte	0x0
     526:	0000                	.2byte	0x0
     528:	0000                	.2byte	0x0
     52a:	0000                	.2byte	0x0
     52c:	0000                	.2byte	0x0
     52e:	0000                	.2byte	0x0
     530:	0000                	.2byte	0x0
     532:	0000                	.2byte	0x0
     534:	0000                	.2byte	0x0
     536:	0000                	.2byte	0x0
     538:	0000                	.2byte	0x0
     53a:	0000                	.2byte	0x0
     53c:	0000                	.2byte	0x0
     53e:	0000                	.2byte	0x0
     540:	0000                	.2byte	0x0
     542:	0000                	.2byte	0x0
     544:	0000                	.2byte	0x0
     546:	0000                	.2byte	0x0
     548:	0000                	.2byte	0x0
     54a:	0000                	.2byte	0x0
     54c:	0000                	.2byte	0x0
     54e:	0000                	.2byte	0x0
     550:	0000                	.2byte	0x0
     552:	0000                	.2byte	0x0
     554:	0000                	.2byte	0x0
     556:	0000                	.2byte	0x0
     558:	0000                	.2byte	0x0
     55a:	0000                	.2byte	0x0
     55c:	0000                	.2byte	0x0
     55e:	0000                	.2byte	0x0
     560:	0000                	.2byte	0x0
     562:	0000                	.2byte	0x0
     564:	0000                	.2byte	0x0
     566:	0000                	.2byte	0x0
     568:	0000                	.2byte	0x0
     56a:	0000                	.2byte	0x0
     56c:	0000                	.2byte	0x0
     56e:	0000                	.2byte	0x0
     570:	0000                	.2byte	0x0
     572:	0000                	.2byte	0x0
     574:	0000                	.2byte	0x0
     576:	0000                	.2byte	0x0
     578:	0000                	.2byte	0x0
     57a:	0000                	.2byte	0x0
     57c:	0000                	.2byte	0x0
     57e:	0000                	.2byte	0x0
     580:	0000                	.2byte	0x0
     582:	0000                	.2byte	0x0
     584:	0000                	.2byte	0x0
     586:	0000                	.2byte	0x0
     588:	0000                	.2byte	0x0
     58a:	0000                	.2byte	0x0
     58c:	0000                	.2byte	0x0
     58e:	0000                	.2byte	0x0
     590:	0000                	.2byte	0x0
     592:	0000                	.2byte	0x0
     594:	0000                	.2byte	0x0
     596:	0000                	.2byte	0x0
     598:	0000                	.2byte	0x0
     59a:	0000                	.2byte	0x0
     59c:	0000                	.2byte	0x0
     59e:	0000                	.2byte	0x0
     5a0:	0000                	.2byte	0x0
     5a2:	0000                	.2byte	0x0
     5a4:	0000                	.2byte	0x0
     5a6:	0000                	.2byte	0x0
     5a8:	0000                	.2byte	0x0
     5aa:	0000                	.2byte	0x0
     5ac:	0000                	.2byte	0x0
     5ae:	0000                	.2byte	0x0
     5b0:	0000                	.2byte	0x0
     5b2:	0000                	.2byte	0x0
     5b4:	0000                	.2byte	0x0
     5b6:	0000                	.2byte	0x0
     5b8:	0000                	.2byte	0x0
     5ba:	0000                	.2byte	0x0
     5bc:	0000                	.2byte	0x0
     5be:	0000                	.2byte	0x0
     5c0:	0000                	.2byte	0x0
     5c2:	0000                	.2byte	0x0
     5c4:	0000                	.2byte	0x0
     5c6:	0000                	.2byte	0x0
     5c8:	0000                	.2byte	0x0
     5ca:	0000                	.2byte	0x0
     5cc:	0000                	.2byte	0x0
     5ce:	0000                	.2byte	0x0
     5d0:	0000                	.2byte	0x0
     5d2:	0000                	.2byte	0x0
     5d4:	0000                	.2byte	0x0
     5d6:	0000                	.2byte	0x0
     5d8:	0000                	.2byte	0x0
     5da:	0000                	.2byte	0x0
     5dc:	0000                	.2byte	0x0
     5de:	0000                	.2byte	0x0
     5e0:	0000                	.2byte	0x0
     5e2:	0000                	.2byte	0x0
     5e4:	0000                	.2byte	0x0
     5e6:	0000                	.2byte	0x0
     5e8:	0000                	.2byte	0x0
     5ea:	0000                	.2byte	0x0
     5ec:	0000                	.2byte	0x0
     5ee:	0000                	.2byte	0x0
     5f0:	0000                	.2byte	0x0
     5f2:	0000                	.2byte	0x0
     5f4:	0000                	.2byte	0x0
     5f6:	0000                	.2byte	0x0
     5f8:	0000                	.2byte	0x0
     5fa:	0000                	.2byte	0x0
     5fc:	0000                	.2byte	0x0
     5fe:	0000                	.2byte	0x0
     600:	0000                	.2byte	0x0
     602:	0000                	.2byte	0x0
     604:	0000                	.2byte	0x0
     606:	0000                	.2byte	0x0
     608:	0000                	.2byte	0x0
     60a:	0000                	.2byte	0x0
     60c:	0000                	.2byte	0x0
     60e:	0000                	.2byte	0x0
     610:	0000                	.2byte	0x0
     612:	0000                	.2byte	0x0
     614:	0000                	.2byte	0x0
     616:	0000                	.2byte	0x0
     618:	0000                	.2byte	0x0
     61a:	0000                	.2byte	0x0
     61c:	0000                	.2byte	0x0
     61e:	0000                	.2byte	0x0
     620:	0000                	.2byte	0x0
     622:	0000                	.2byte	0x0
     624:	0000                	.2byte	0x0
     626:	0000                	.2byte	0x0
     628:	0000                	.2byte	0x0
     62a:	0000                	.2byte	0x0
     62c:	0000                	.2byte	0x0
     62e:	0000                	.2byte	0x0
     630:	0000                	.2byte	0x0
     632:	0000                	.2byte	0x0
     634:	0000                	.2byte	0x0
     636:	0000                	.2byte	0x0
     638:	0000                	.2byte	0x0
     63a:	0000                	.2byte	0x0
     63c:	0000                	.2byte	0x0
     63e:	0000                	.2byte	0x0
     640:	0000                	.2byte	0x0
     642:	0000                	.2byte	0x0
     644:	0000                	.2byte	0x0
     646:	0000                	.2byte	0x0
     648:	0000                	.2byte	0x0
     64a:	0000                	.2byte	0x0
     64c:	0000                	.2byte	0x0
     64e:	0000                	.2byte	0x0
     650:	0000                	.2byte	0x0
     652:	0000                	.2byte	0x0
     654:	0000                	.2byte	0x0
     656:	0000                	.2byte	0x0
     658:	0000                	.2byte	0x0
     65a:	0000                	.2byte	0x0
     65c:	0000                	.2byte	0x0
     65e:	0000                	.2byte	0x0
     660:	0000                	.2byte	0x0
     662:	0000                	.2byte	0x0
     664:	0000                	.2byte	0x0
     666:	0000                	.2byte	0x0
     668:	0000                	.2byte	0x0
     66a:	0000                	.2byte	0x0
     66c:	0000                	.2byte	0x0
     66e:	0000                	.2byte	0x0
     670:	0000                	.2byte	0x0
     672:	0000                	.2byte	0x0
     674:	0000                	.2byte	0x0
     676:	0000                	.2byte	0x0
     678:	0000                	.2byte	0x0
     67a:	0000                	.2byte	0x0
     67c:	0000                	.2byte	0x0
     67e:	0000                	.2byte	0x0
     680:	0000                	.2byte	0x0
     682:	0000                	.2byte	0x0
     684:	0000                	.2byte	0x0
     686:	0000                	.2byte	0x0
     688:	0000                	.2byte	0x0
     68a:	0000                	.2byte	0x0
     68c:	0000                	.2byte	0x0
     68e:	0000                	.2byte	0x0
     690:	0000                	.2byte	0x0
     692:	0000                	.2byte	0x0
     694:	0000                	.2byte	0x0
     696:	0000                	.2byte	0x0
     698:	0000                	.2byte	0x0
     69a:	0000                	.2byte	0x0
     69c:	0000                	.2byte	0x0
     69e:	0000                	.2byte	0x0
     6a0:	0000                	.2byte	0x0
     6a2:	0000                	.2byte	0x0
     6a4:	0000                	.2byte	0x0
     6a6:	0000                	.2byte	0x0
     6a8:	0000                	.2byte	0x0
     6aa:	0000                	.2byte	0x0
     6ac:	0000                	.2byte	0x0
     6ae:	0000                	.2byte	0x0
     6b0:	0000                	.2byte	0x0
     6b2:	0000                	.2byte	0x0
     6b4:	0000                	.2byte	0x0
     6b6:	0000                	.2byte	0x0
     6b8:	0000                	.2byte	0x0
     6ba:	0000                	.2byte	0x0
     6bc:	0000                	.2byte	0x0
     6be:	0000                	.2byte	0x0
     6c0:	0000                	.2byte	0x0
     6c2:	0000                	.2byte	0x0
     6c4:	0000                	.2byte	0x0
     6c6:	0000                	.2byte	0x0
     6c8:	0000                	.2byte	0x0
     6ca:	0000                	.2byte	0x0
     6cc:	0000                	.2byte	0x0
     6ce:	0000                	.2byte	0x0
     6d0:	0000                	.2byte	0x0
     6d2:	0000                	.2byte	0x0
     6d4:	0000                	.2byte	0x0
     6d6:	0000                	.2byte	0x0
     6d8:	0000                	.2byte	0x0
     6da:	0000                	.2byte	0x0
     6dc:	0000                	.2byte	0x0
     6de:	0000                	.2byte	0x0
     6e0:	0000                	.2byte	0x0
     6e2:	0000                	.2byte	0x0
     6e4:	0000                	.2byte	0x0
     6e6:	0000                	.2byte	0x0
     6e8:	0000                	.2byte	0x0
     6ea:	0000                	.2byte	0x0
     6ec:	0000                	.2byte	0x0
     6ee:	0000                	.2byte	0x0
     6f0:	0000                	.2byte	0x0
     6f2:	0000                	.2byte	0x0
     6f4:	0000                	.2byte	0x0
     6f6:	0000                	.2byte	0x0
     6f8:	0000                	.2byte	0x0
     6fa:	0000                	.2byte	0x0
     6fc:	0000                	.2byte	0x0
     6fe:	0000                	.2byte	0x0
     700:	0000                	.2byte	0x0
     702:	0000                	.2byte	0x0
     704:	0000                	.2byte	0x0
     706:	0000                	.2byte	0x0
     708:	0000                	.2byte	0x0
     70a:	0000                	.2byte	0x0
     70c:	0000                	.2byte	0x0
     70e:	0000                	.2byte	0x0
     710:	0000                	.2byte	0x0
     712:	0000                	.2byte	0x0
     714:	0000                	.2byte	0x0
     716:	0000                	.2byte	0x0
     718:	0000                	.2byte	0x0
     71a:	0000                	.2byte	0x0
     71c:	0000                	.2byte	0x0
     71e:	0000                	.2byte	0x0
     720:	0000                	.2byte	0x0
     722:	0000                	.2byte	0x0
     724:	0000                	.2byte	0x0
     726:	0000                	.2byte	0x0
     728:	0000                	.2byte	0x0
     72a:	0000                	.2byte	0x0
     72c:	0000                	.2byte	0x0
     72e:	0000                	.2byte	0x0
     730:	0000                	.2byte	0x0
     732:	0000                	.2byte	0x0
     734:	0000                	.2byte	0x0
     736:	0000                	.2byte	0x0
     738:	0000                	.2byte	0x0
     73a:	0000                	.2byte	0x0
     73c:	0000                	.2byte	0x0
     73e:	0000                	.2byte	0x0
     740:	0000                	.2byte	0x0
     742:	0000                	.2byte	0x0
     744:	0000                	.2byte	0x0
     746:	0000                	.2byte	0x0
     748:	0000                	.2byte	0x0
     74a:	0000                	.2byte	0x0
     74c:	0000                	.2byte	0x0
     74e:	0000                	.2byte	0x0
     750:	0000                	.2byte	0x0
     752:	0000                	.2byte	0x0
     754:	0000                	.2byte	0x0
     756:	0000                	.2byte	0x0
     758:	0000                	.2byte	0x0
     75a:	0000                	.2byte	0x0
     75c:	0000                	.2byte	0x0
     75e:	0000                	.2byte	0x0
     760:	0000                	.2byte	0x0
     762:	0000                	.2byte	0x0
     764:	0000                	.2byte	0x0
     766:	0000                	.2byte	0x0
     768:	0000                	.2byte	0x0
     76a:	0000                	.2byte	0x0
     76c:	0000                	.2byte	0x0
     76e:	0000                	.2byte	0x0
     770:	0000                	.2byte	0x0
     772:	0000                	.2byte	0x0
     774:	0000                	.2byte	0x0
     776:	0000                	.2byte	0x0
     778:	0000                	.2byte	0x0
     77a:	0000                	.2byte	0x0
     77c:	0000                	.2byte	0x0
     77e:	0000                	.2byte	0x0
     780:	0000                	.2byte	0x0
     782:	0000                	.2byte	0x0
     784:	0000                	.2byte	0x0
     786:	0000                	.2byte	0x0
     788:	0000                	.2byte	0x0
     78a:	0000                	.2byte	0x0
     78c:	0000                	.2byte	0x0
     78e:	0000                	.2byte	0x0
     790:	0000                	.2byte	0x0
     792:	0000                	.2byte	0x0
     794:	0000                	.2byte	0x0
     796:	0000                	.2byte	0x0
     798:	0000                	.2byte	0x0
     79a:	0000                	.2byte	0x0
     79c:	0000                	.2byte	0x0
     79e:	0000                	.2byte	0x0
     7a0:	0000                	.2byte	0x0
     7a2:	0000                	.2byte	0x0
     7a4:	0000                	.2byte	0x0
     7a6:	0000                	.2byte	0x0
     7a8:	0000                	.2byte	0x0
     7aa:	0000                	.2byte	0x0
     7ac:	0000                	.2byte	0x0
     7ae:	0000                	.2byte	0x0
     7b0:	0000                	.2byte	0x0
     7b2:	0000                	.2byte	0x0
     7b4:	0000                	.2byte	0x0
     7b6:	0000                	.2byte	0x0
     7b8:	0000                	.2byte	0x0
     7ba:	0000                	.2byte	0x0
     7bc:	0000                	.2byte	0x0
     7be:	0000                	.2byte	0x0
     7c0:	0000                	.2byte	0x0
     7c2:	0000                	.2byte	0x0
     7c4:	0000                	.2byte	0x0
     7c6:	0000                	.2byte	0x0
     7c8:	0000                	.2byte	0x0
     7ca:	0000                	.2byte	0x0
     7cc:	0000                	.2byte	0x0
     7ce:	0000                	.2byte	0x0
     7d0:	0000                	.2byte	0x0
     7d2:	0000                	.2byte	0x0
     7d4:	0000                	.2byte	0x0
     7d6:	0000                	.2byte	0x0
     7d8:	0000                	.2byte	0x0
     7da:	0000                	.2byte	0x0
     7dc:	0000                	.2byte	0x0
     7de:	0000                	.2byte	0x0
     7e0:	0000                	.2byte	0x0
     7e2:	0000                	.2byte	0x0
     7e4:	0000                	.2byte	0x0
     7e6:	0000                	.2byte	0x0
     7e8:	0000                	.2byte	0x0
     7ea:	0000                	.2byte	0x0
     7ec:	0000                	.2byte	0x0
     7ee:	0000                	.2byte	0x0
     7f0:	0000                	.2byte	0x0
     7f2:	0000                	.2byte	0x0
     7f4:	0000                	.2byte	0x0
     7f6:	0000                	.2byte	0x0
     7f8:	0000                	.2byte	0x0
     7fa:	0000                	.2byte	0x0
     7fc:	0000                	.2byte	0x0
     7fe:	0000                	.2byte	0x0
     800:	0000                	.2byte	0x0
     802:	0000                	.2byte	0x0
     804:	0000                	.2byte	0x0
     806:	0000                	.2byte	0x0
     808:	0000                	.2byte	0x0
     80a:	0000                	.2byte	0x0
     80c:	0000                	.2byte	0x0
     80e:	0000                	.2byte	0x0
     810:	0000                	.2byte	0x0
     812:	0000                	.2byte	0x0
     814:	0000                	.2byte	0x0
     816:	0000                	.2byte	0x0
     818:	0000                	.2byte	0x0
     81a:	0000                	.2byte	0x0
     81c:	0000                	.2byte	0x0
     81e:	0000                	.2byte	0x0
     820:	0000                	.2byte	0x0
     822:	0000                	.2byte	0x0
     824:	0000                	.2byte	0x0
     826:	0000                	.2byte	0x0
     828:	0000                	.2byte	0x0
     82a:	0000                	.2byte	0x0
     82c:	0000                	.2byte	0x0
     82e:	0000                	.2byte	0x0
     830:	0000                	.2byte	0x0
     832:	0000                	.2byte	0x0
     834:	0000                	.2byte	0x0
     836:	0000                	.2byte	0x0
     838:	0000                	.2byte	0x0
     83a:	0000                	.2byte	0x0
     83c:	0000                	.2byte	0x0
     83e:	0000                	.2byte	0x0
     840:	0000                	.2byte	0x0
     842:	0000                	.2byte	0x0
     844:	0000                	.2byte	0x0
     846:	0000                	.2byte	0x0
     848:	0000                	.2byte	0x0
     84a:	0000                	.2byte	0x0
     84c:	0000                	.2byte	0x0
     84e:	0000                	.2byte	0x0
     850:	0000                	.2byte	0x0
     852:	0000                	.2byte	0x0
     854:	0000                	.2byte	0x0
     856:	0000                	.2byte	0x0
     858:	0000                	.2byte	0x0
     85a:	0000                	.2byte	0x0
     85c:	0000                	.2byte	0x0
     85e:	0000                	.2byte	0x0
     860:	0000                	.2byte	0x0
     862:	0000                	.2byte	0x0
     864:	0000                	.2byte	0x0
     866:	0000                	.2byte	0x0
     868:	0000                	.2byte	0x0
     86a:	0000                	.2byte	0x0
     86c:	0000                	.2byte	0x0
     86e:	0000                	.2byte	0x0
     870:	0000                	.2byte	0x0
     872:	0000                	.2byte	0x0
     874:	0000                	.2byte	0x0
     876:	0000                	.2byte	0x0
     878:	0000                	.2byte	0x0
     87a:	0000                	.2byte	0x0
     87c:	0000                	.2byte	0x0
     87e:	0000                	.2byte	0x0
     880:	0000                	.2byte	0x0
     882:	0000                	.2byte	0x0
     884:	0000                	.2byte	0x0
     886:	0000                	.2byte	0x0
     888:	0000                	.2byte	0x0
     88a:	0000                	.2byte	0x0
     88c:	0000                	.2byte	0x0
     88e:	0000                	.2byte	0x0
     890:	0000                	.2byte	0x0
     892:	0000                	.2byte	0x0
     894:	0000                	.2byte	0x0
     896:	0000                	.2byte	0x0
     898:	0000                	.2byte	0x0
     89a:	0000                	.2byte	0x0
     89c:	0000                	.2byte	0x0
     89e:	0000                	.2byte	0x0
     8a0:	0000                	.2byte	0x0
     8a2:	0000                	.2byte	0x0
     8a4:	0000                	.2byte	0x0
     8a6:	0000                	.2byte	0x0
     8a8:	0000                	.2byte	0x0
     8aa:	0000                	.2byte	0x0
     8ac:	0000                	.2byte	0x0
     8ae:	0000                	.2byte	0x0
     8b0:	0000                	.2byte	0x0
     8b2:	0000                	.2byte	0x0
     8b4:	0000                	.2byte	0x0
     8b6:	0000                	.2byte	0x0
     8b8:	0000                	.2byte	0x0
     8ba:	0000                	.2byte	0x0
     8bc:	0000                	.2byte	0x0
     8be:	0000                	.2byte	0x0
     8c0:	0000                	.2byte	0x0
     8c2:	0000                	.2byte	0x0
     8c4:	0000                	.2byte	0x0
     8c6:	0000                	.2byte	0x0
     8c8:	0000                	.2byte	0x0
     8ca:	0000                	.2byte	0x0
     8cc:	0000                	.2byte	0x0
     8ce:	0000                	.2byte	0x0
     8d0:	0000                	.2byte	0x0
     8d2:	0000                	.2byte	0x0
     8d4:	0000                	.2byte	0x0
     8d6:	0000                	.2byte	0x0
     8d8:	0000                	.2byte	0x0
     8da:	0000                	.2byte	0x0
     8dc:	0000                	.2byte	0x0
     8de:	0000                	.2byte	0x0
     8e0:	0000                	.2byte	0x0
     8e2:	0000                	.2byte	0x0
     8e4:	0000                	.2byte	0x0
     8e6:	0000                	.2byte	0x0
     8e8:	0000                	.2byte	0x0
     8ea:	0000                	.2byte	0x0
     8ec:	0000                	.2byte	0x0
     8ee:	0000                	.2byte	0x0
     8f0:	0000                	.2byte	0x0
     8f2:	0000                	.2byte	0x0
     8f4:	0000                	.2byte	0x0
     8f6:	0000                	.2byte	0x0
     8f8:	0000                	.2byte	0x0
     8fa:	0000                	.2byte	0x0
     8fc:	0000                	.2byte	0x0
     8fe:	0000                	.2byte	0x0
     900:	0000                	.2byte	0x0
     902:	0000                	.2byte	0x0
     904:	0000                	.2byte	0x0
     906:	0000                	.2byte	0x0
     908:	0000                	.2byte	0x0
     90a:	0000                	.2byte	0x0
     90c:	0000                	.2byte	0x0
     90e:	0000                	.2byte	0x0
     910:	0000                	.2byte	0x0
     912:	0000                	.2byte	0x0
     914:	0000                	.2byte	0x0
     916:	0000                	.2byte	0x0
     918:	0000                	.2byte	0x0
     91a:	0000                	.2byte	0x0
     91c:	0000                	.2byte	0x0
     91e:	0000                	.2byte	0x0
     920:	0000                	.2byte	0x0
     922:	0000                	.2byte	0x0
     924:	0000                	.2byte	0x0
     926:	0000                	.2byte	0x0
     928:	0000                	.2byte	0x0
     92a:	0000                	.2byte	0x0
     92c:	0000                	.2byte	0x0
     92e:	0000                	.2byte	0x0
     930:	0000                	.2byte	0x0
     932:	0000                	.2byte	0x0
     934:	0000                	.2byte	0x0
     936:	0000                	.2byte	0x0
     938:	0000                	.2byte	0x0
     93a:	0000                	.2byte	0x0
     93c:	0000                	.2byte	0x0
     93e:	0000                	.2byte	0x0
     940:	0000                	.2byte	0x0
     942:	0000                	.2byte	0x0
     944:	0000                	.2byte	0x0
     946:	0000                	.2byte	0x0
     948:	0000                	.2byte	0x0
     94a:	0000                	.2byte	0x0
     94c:	0000                	.2byte	0x0
     94e:	0000                	.2byte	0x0
     950:	0000                	.2byte	0x0
     952:	0000                	.2byte	0x0
     954:	0000                	.2byte	0x0
     956:	0000                	.2byte	0x0
     958:	0000                	.2byte	0x0
     95a:	0000                	.2byte	0x0
     95c:	0000                	.2byte	0x0
     95e:	0000                	.2byte	0x0
     960:	0000                	.2byte	0x0
     962:	0000                	.2byte	0x0
     964:	0000                	.2byte	0x0
     966:	0000                	.2byte	0x0
     968:	0000                	.2byte	0x0
     96a:	0000                	.2byte	0x0
     96c:	0000                	.2byte	0x0
     96e:	0000                	.2byte	0x0
     970:	0000                	.2byte	0x0
     972:	0000                	.2byte	0x0
     974:	0000                	.2byte	0x0
     976:	0000                	.2byte	0x0
     978:	0000                	.2byte	0x0
     97a:	0000                	.2byte	0x0
     97c:	0000                	.2byte	0x0
     97e:	0000                	.2byte	0x0
     980:	0000                	.2byte	0x0
     982:	0000                	.2byte	0x0
     984:	0000                	.2byte	0x0
     986:	0000                	.2byte	0x0
     988:	0000                	.2byte	0x0
     98a:	0000                	.2byte	0x0
     98c:	0000                	.2byte	0x0
     98e:	0000                	.2byte	0x0
     990:	0000                	.2byte	0x0
     992:	0000                	.2byte	0x0
     994:	0000                	.2byte	0x0
     996:	0000                	.2byte	0x0
     998:	0000                	.2byte	0x0
     99a:	0000                	.2byte	0x0
     99c:	0000                	.2byte	0x0
     99e:	0000                	.2byte	0x0
     9a0:	0000                	.2byte	0x0
     9a2:	0000                	.2byte	0x0
     9a4:	0000                	.2byte	0x0
     9a6:	0000                	.2byte	0x0
     9a8:	0000                	.2byte	0x0
     9aa:	0000                	.2byte	0x0
     9ac:	0000                	.2byte	0x0
     9ae:	0000                	.2byte	0x0
     9b0:	0000                	.2byte	0x0
     9b2:	0000                	.2byte	0x0
     9b4:	0000                	.2byte	0x0
     9b6:	0000                	.2byte	0x0
     9b8:	0000                	.2byte	0x0
     9ba:	0000                	.2byte	0x0
     9bc:	0000                	.2byte	0x0
     9be:	0000                	.2byte	0x0
     9c0:	0000                	.2byte	0x0
     9c2:	0000                	.2byte	0x0
     9c4:	0000                	.2byte	0x0
     9c6:	0000                	.2byte	0x0
     9c8:	0000                	.2byte	0x0
     9ca:	0000                	.2byte	0x0
     9cc:	0000                	.2byte	0x0
     9ce:	0000                	.2byte	0x0
     9d0:	0000                	.2byte	0x0
     9d2:	0000                	.2byte	0x0
     9d4:	0000                	.2byte	0x0
     9d6:	0000                	.2byte	0x0
     9d8:	0000                	.2byte	0x0
     9da:	0000                	.2byte	0x0
     9dc:	0000                	.2byte	0x0
     9de:	0000                	.2byte	0x0
     9e0:	0000                	.2byte	0x0
     9e2:	0000                	.2byte	0x0
     9e4:	0000                	.2byte	0x0
     9e6:	0000                	.2byte	0x0
     9e8:	0000                	.2byte	0x0
     9ea:	0000                	.2byte	0x0
     9ec:	0000                	.2byte	0x0
     9ee:	0000                	.2byte	0x0
     9f0:	0000                	.2byte	0x0
     9f2:	0000                	.2byte	0x0
     9f4:	0000                	.2byte	0x0
     9f6:	0000                	.2byte	0x0
     9f8:	0000                	.2byte	0x0
     9fa:	0000                	.2byte	0x0
     9fc:	0000                	.2byte	0x0
     9fe:	0000                	.2byte	0x0
     a00:	0000                	.2byte	0x0
     a02:	0000                	.2byte	0x0
     a04:	0000                	.2byte	0x0
     a06:	0000                	.2byte	0x0
     a08:	0000                	.2byte	0x0
     a0a:	0000                	.2byte	0x0
     a0c:	0000                	.2byte	0x0
     a0e:	0000                	.2byte	0x0
     a10:	0000                	.2byte	0x0
     a12:	0000                	.2byte	0x0
     a14:	0000                	.2byte	0x0
     a16:	0000                	.2byte	0x0
     a18:	0000                	.2byte	0x0
     a1a:	0000                	.2byte	0x0
     a1c:	0000                	.2byte	0x0
     a1e:	0000                	.2byte	0x0
     a20:	0000                	.2byte	0x0
     a22:	0000                	.2byte	0x0
     a24:	0000                	.2byte	0x0
     a26:	0000                	.2byte	0x0
     a28:	0000                	.2byte	0x0
     a2a:	0000                	.2byte	0x0
     a2c:	0000                	.2byte	0x0
     a2e:	0000                	.2byte	0x0
     a30:	0000                	.2byte	0x0
     a32:	0000                	.2byte	0x0
     a34:	0000                	.2byte	0x0
     a36:	0000                	.2byte	0x0
     a38:	0000                	.2byte	0x0
     a3a:	0000                	.2byte	0x0
     a3c:	0000                	.2byte	0x0
     a3e:	0000                	.2byte	0x0
     a40:	0000                	.2byte	0x0
     a42:	0000                	.2byte	0x0
     a44:	0000                	.2byte	0x0
     a46:	0000                	.2byte	0x0
     a48:	0000                	.2byte	0x0
     a4a:	0000                	.2byte	0x0
     a4c:	0000                	.2byte	0x0
     a4e:	0000                	.2byte	0x0
     a50:	0000                	.2byte	0x0
     a52:	0000                	.2byte	0x0
     a54:	0000                	.2byte	0x0
     a56:	0000                	.2byte	0x0
     a58:	0000                	.2byte	0x0
     a5a:	0000                	.2byte	0x0
     a5c:	0000                	.2byte	0x0
     a5e:	0000                	.2byte	0x0
     a60:	0000                	.2byte	0x0
     a62:	0000                	.2byte	0x0
     a64:	0000                	.2byte	0x0
     a66:	0000                	.2byte	0x0
     a68:	0000                	.2byte	0x0
     a6a:	0000                	.2byte	0x0
     a6c:	0000                	.2byte	0x0
     a6e:	0000                	.2byte	0x0
     a70:	0000                	.2byte	0x0
     a72:	0000                	.2byte	0x0
     a74:	0000                	.2byte	0x0
     a76:	0000                	.2byte	0x0
     a78:	0000                	.2byte	0x0
     a7a:	0000                	.2byte	0x0
     a7c:	0000                	.2byte	0x0
     a7e:	0000                	.2byte	0x0
     a80:	0000                	.2byte	0x0
     a82:	0000                	.2byte	0x0
     a84:	0000                	.2byte	0x0
     a86:	0000                	.2byte	0x0
     a88:	0000                	.2byte	0x0
     a8a:	0000                	.2byte	0x0
     a8c:	0000                	.2byte	0x0
     a8e:	0000                	.2byte	0x0
     a90:	0000                	.2byte	0x0
     a92:	0000                	.2byte	0x0
     a94:	0000                	.2byte	0x0
     a96:	0000                	.2byte	0x0
     a98:	0000                	.2byte	0x0
     a9a:	0000                	.2byte	0x0
     a9c:	0000                	.2byte	0x0
     a9e:	0000                	.2byte	0x0
     aa0:	0000                	.2byte	0x0
     aa2:	0000                	.2byte	0x0
     aa4:	0000                	.2byte	0x0
     aa6:	0000                	.2byte	0x0
     aa8:	0000                	.2byte	0x0
     aaa:	0000                	.2byte	0x0
     aac:	0000                	.2byte	0x0
     aae:	0000                	.2byte	0x0
     ab0:	0000                	.2byte	0x0
     ab2:	0000                	.2byte	0x0
     ab4:	0000                	.2byte	0x0
     ab6:	0000                	.2byte	0x0
     ab8:	0000                	.2byte	0x0
     aba:	0000                	.2byte	0x0
     abc:	0000                	.2byte	0x0
     abe:	0000                	.2byte	0x0
     ac0:	0000                	.2byte	0x0
     ac2:	0000                	.2byte	0x0
     ac4:	0000                	.2byte	0x0
     ac6:	0000                	.2byte	0x0
     ac8:	0000                	.2byte	0x0
     aca:	0000                	.2byte	0x0
     acc:	0000                	.2byte	0x0
     ace:	0000                	.2byte	0x0
     ad0:	0000                	.2byte	0x0
     ad2:	0000                	.2byte	0x0
     ad4:	0000                	.2byte	0x0
     ad6:	0000                	.2byte	0x0
     ad8:	0000                	.2byte	0x0
     ada:	0000                	.2byte	0x0
     adc:	0000                	.2byte	0x0
     ade:	0000                	.2byte	0x0
     ae0:	0000                	.2byte	0x0
     ae2:	0000                	.2byte	0x0
     ae4:	0000                	.2byte	0x0
     ae6:	0000                	.2byte	0x0
     ae8:	0000                	.2byte	0x0
     aea:	0000                	.2byte	0x0
     aec:	0000                	.2byte	0x0
     aee:	0000                	.2byte	0x0
     af0:	0000                	.2byte	0x0
     af2:	0000                	.2byte	0x0
     af4:	0000                	.2byte	0x0
     af6:	0000                	.2byte	0x0
     af8:	0000                	.2byte	0x0
     afa:	0000                	.2byte	0x0
     afc:	0000                	.2byte	0x0
     afe:	0000                	.2byte	0x0
     b00:	0000                	.2byte	0x0
     b02:	0000                	.2byte	0x0
     b04:	0000                	.2byte	0x0
     b06:	0000                	.2byte	0x0
     b08:	0000                	.2byte	0x0
     b0a:	0000                	.2byte	0x0
     b0c:	0000                	.2byte	0x0
     b0e:	0000                	.2byte	0x0
     b10:	0000                	.2byte	0x0
     b12:	0000                	.2byte	0x0
     b14:	0000                	.2byte	0x0
     b16:	0000                	.2byte	0x0
     b18:	0000                	.2byte	0x0
     b1a:	0000                	.2byte	0x0
     b1c:	0000                	.2byte	0x0
     b1e:	0000                	.2byte	0x0
     b20:	0000                	.2byte	0x0
     b22:	0000                	.2byte	0x0
     b24:	0000                	.2byte	0x0
     b26:	0000                	.2byte	0x0
     b28:	0000                	.2byte	0x0
     b2a:	0000                	.2byte	0x0
     b2c:	0000                	.2byte	0x0
     b2e:	0000                	.2byte	0x0
     b30:	0000                	.2byte	0x0
     b32:	0000                	.2byte	0x0
     b34:	0000                	.2byte	0x0
     b36:	0000                	.2byte	0x0
     b38:	0000                	.2byte	0x0
     b3a:	0000                	.2byte	0x0
     b3c:	0000                	.2byte	0x0
     b3e:	0000                	.2byte	0x0
     b40:	0000                	.2byte	0x0
     b42:	0000                	.2byte	0x0
     b44:	0000                	.2byte	0x0
     b46:	0000                	.2byte	0x0
     b48:	0000                	.2byte	0x0
     b4a:	0000                	.2byte	0x0
     b4c:	0000                	.2byte	0x0
     b4e:	0000                	.2byte	0x0
     b50:	0000                	.2byte	0x0
     b52:	0000                	.2byte	0x0
     b54:	0000                	.2byte	0x0
     b56:	0000                	.2byte	0x0
     b58:	0000                	.2byte	0x0
     b5a:	0000                	.2byte	0x0
     b5c:	0000                	.2byte	0x0
     b5e:	0000                	.2byte	0x0
     b60:	0000                	.2byte	0x0
     b62:	0000                	.2byte	0x0
     b64:	0000                	.2byte	0x0
     b66:	0000                	.2byte	0x0
     b68:	0000                	.2byte	0x0
     b6a:	0000                	.2byte	0x0
     b6c:	0000                	.2byte	0x0
     b6e:	0000                	.2byte	0x0
     b70:	0000                	.2byte	0x0
     b72:	0000                	.2byte	0x0
     b74:	0000                	.2byte	0x0
     b76:	0000                	.2byte	0x0
     b78:	0000                	.2byte	0x0
     b7a:	0000                	.2byte	0x0
     b7c:	0000                	.2byte	0x0
     b7e:	0000                	.2byte	0x0
     b80:	0000                	.2byte	0x0
     b82:	0000                	.2byte	0x0
     b84:	0000                	.2byte	0x0
     b86:	0000                	.2byte	0x0
     b88:	0000                	.2byte	0x0
     b8a:	0000                	.2byte	0x0
     b8c:	0000                	.2byte	0x0
     b8e:	0000                	.2byte	0x0
     b90:	0000                	.2byte	0x0
     b92:	0000                	.2byte	0x0
     b94:	0000                	.2byte	0x0
     b96:	0000                	.2byte	0x0
     b98:	0000                	.2byte	0x0
     b9a:	0000                	.2byte	0x0
     b9c:	0000                	.2byte	0x0
     b9e:	0000                	.2byte	0x0
     ba0:	0000                	.2byte	0x0
     ba2:	0000                	.2byte	0x0
     ba4:	0000                	.2byte	0x0
     ba6:	0000                	.2byte	0x0
     ba8:	0000                	.2byte	0x0
     baa:	0000                	.2byte	0x0
     bac:	0000                	.2byte	0x0
     bae:	0000                	.2byte	0x0
     bb0:	0000                	.2byte	0x0
     bb2:	0000                	.2byte	0x0
     bb4:	0000                	.2byte	0x0
     bb6:	0000                	.2byte	0x0
     bb8:	0000                	.2byte	0x0
     bba:	0000                	.2byte	0x0
     bbc:	0000                	.2byte	0x0
     bbe:	0000                	.2byte	0x0
     bc0:	0000                	.2byte	0x0
     bc2:	0000                	.2byte	0x0
     bc4:	0000                	.2byte	0x0
     bc6:	0000                	.2byte	0x0
     bc8:	0000                	.2byte	0x0
     bca:	0000                	.2byte	0x0
     bcc:	0000                	.2byte	0x0
     bce:	0000                	.2byte	0x0
     bd0:	0000                	.2byte	0x0
     bd2:	0000                	.2byte	0x0
     bd4:	0000                	.2byte	0x0
     bd6:	0000                	.2byte	0x0
     bd8:	0000                	.2byte	0x0
     bda:	0000                	.2byte	0x0
     bdc:	0000                	.2byte	0x0
     bde:	0000                	.2byte	0x0
     be0:	0000                	.2byte	0x0
     be2:	0000                	.2byte	0x0
     be4:	0000                	.2byte	0x0
     be6:	0000                	.2byte	0x0
     be8:	0000                	.2byte	0x0
     bea:	0000                	.2byte	0x0
     bec:	0000                	.2byte	0x0
     bee:	0000                	.2byte	0x0
     bf0:	0000                	.2byte	0x0
     bf2:	0000                	.2byte	0x0
     bf4:	0000                	.2byte	0x0
     bf6:	0000                	.2byte	0x0
     bf8:	0000                	.2byte	0x0
     bfa:	0000                	.2byte	0x0
     bfc:	0000                	.2byte	0x0
     bfe:	0000                	.2byte	0x0
     c00:	0000                	.2byte	0x0
     c02:	0000                	.2byte	0x0
     c04:	0000                	.2byte	0x0
     c06:	0000                	.2byte	0x0
     c08:	0000                	.2byte	0x0
     c0a:	0000                	.2byte	0x0
     c0c:	0000                	.2byte	0x0
     c0e:	0000                	.2byte	0x0
     c10:	0000                	.2byte	0x0
     c12:	0000                	.2byte	0x0
     c14:	0000                	.2byte	0x0
     c16:	0000                	.2byte	0x0
     c18:	0000                	.2byte	0x0
     c1a:	0000                	.2byte	0x0
     c1c:	0000                	.2byte	0x0
     c1e:	0000                	.2byte	0x0
     c20:	0000                	.2byte	0x0
     c22:	0000                	.2byte	0x0
     c24:	0000                	.2byte	0x0
     c26:	0000                	.2byte	0x0
     c28:	0000                	.2byte	0x0
     c2a:	0000                	.2byte	0x0
     c2c:	0000                	.2byte	0x0
     c2e:	0000                	.2byte	0x0
     c30:	0000                	.2byte	0x0
     c32:	0000                	.2byte	0x0
     c34:	0000                	.2byte	0x0
     c36:	0000                	.2byte	0x0
     c38:	0000                	.2byte	0x0
     c3a:	0000                	.2byte	0x0
     c3c:	0000                	.2byte	0x0
     c3e:	0000                	.2byte	0x0
     c40:	0000                	.2byte	0x0
     c42:	0000                	.2byte	0x0
     c44:	0000                	.2byte	0x0
     c46:	0000                	.2byte	0x0
     c48:	0000                	.2byte	0x0
     c4a:	0000                	.2byte	0x0
     c4c:	0000                	.2byte	0x0
     c4e:	0000                	.2byte	0x0
     c50:	0000                	.2byte	0x0
     c52:	0000                	.2byte	0x0
     c54:	0000                	.2byte	0x0
     c56:	0000                	.2byte	0x0
     c58:	0000                	.2byte	0x0
     c5a:	0000                	.2byte	0x0
     c5c:	0000                	.2byte	0x0
     c5e:	0000                	.2byte	0x0
     c60:	0000                	.2byte	0x0
     c62:	0000                	.2byte	0x0
     c64:	0000                	.2byte	0x0
     c66:	0000                	.2byte	0x0
     c68:	0000                	.2byte	0x0
     c6a:	0000                	.2byte	0x0
     c6c:	0000                	.2byte	0x0
     c6e:	0000                	.2byte	0x0
     c70:	0000                	.2byte	0x0
     c72:	0000                	.2byte	0x0
     c74:	0000                	.2byte	0x0
     c76:	0000                	.2byte	0x0
     c78:	0000                	.2byte	0x0
     c7a:	0000                	.2byte	0x0
     c7c:	0000                	.2byte	0x0
     c7e:	0000                	.2byte	0x0
     c80:	0000                	.2byte	0x0
     c82:	0000                	.2byte	0x0
     c84:	0000                	.2byte	0x0
     c86:	0000                	.2byte	0x0
     c88:	0000                	.2byte	0x0
     c8a:	0000                	.2byte	0x0
     c8c:	0000                	.2byte	0x0
     c8e:	0000                	.2byte	0x0
     c90:	0000                	.2byte	0x0
     c92:	0000                	.2byte	0x0
     c94:	0000                	.2byte	0x0
     c96:	0000                	.2byte	0x0
     c98:	0000                	.2byte	0x0
     c9a:	0000                	.2byte	0x0
     c9c:	0000                	.2byte	0x0
     c9e:	0000                	.2byte	0x0
     ca0:	0000                	.2byte	0x0
     ca2:	0000                	.2byte	0x0
     ca4:	0000                	.2byte	0x0
     ca6:	0000                	.2byte	0x0
     ca8:	0000                	.2byte	0x0
     caa:	0000                	.2byte	0x0
     cac:	0000                	.2byte	0x0
     cae:	0000                	.2byte	0x0
     cb0:	0000                	.2byte	0x0
     cb2:	0000                	.2byte	0x0
     cb4:	0000                	.2byte	0x0
     cb6:	0000                	.2byte	0x0
     cb8:	0000                	.2byte	0x0
     cba:	0000                	.2byte	0x0
     cbc:	0000                	.2byte	0x0
     cbe:	0000                	.2byte	0x0
     cc0:	0000                	.2byte	0x0
     cc2:	0000                	.2byte	0x0
     cc4:	0000                	.2byte	0x0
     cc6:	0000                	.2byte	0x0
     cc8:	0000                	.2byte	0x0
     cca:	0000                	.2byte	0x0
     ccc:	0000                	.2byte	0x0
     cce:	0000                	.2byte	0x0
     cd0:	0000                	.2byte	0x0
     cd2:	0000                	.2byte	0x0
     cd4:	0000                	.2byte	0x0
     cd6:	0000                	.2byte	0x0
     cd8:	0000                	.2byte	0x0
     cda:	0000                	.2byte	0x0
     cdc:	0000                	.2byte	0x0
     cde:	0000                	.2byte	0x0
     ce0:	0000                	.2byte	0x0
     ce2:	0000                	.2byte	0x0
     ce4:	0000                	.2byte	0x0
     ce6:	0000                	.2byte	0x0
     ce8:	0000                	.2byte	0x0
     cea:	0000                	.2byte	0x0
     cec:	0000                	.2byte	0x0
     cee:	0000                	.2byte	0x0
     cf0:	0000                	.2byte	0x0
     cf2:	0000                	.2byte	0x0
     cf4:	0000                	.2byte	0x0
     cf6:	0000                	.2byte	0x0
     cf8:	0000                	.2byte	0x0
     cfa:	0000                	.2byte	0x0
     cfc:	0000                	.2byte	0x0
     cfe:	0000                	.2byte	0x0
     d00:	0000                	.2byte	0x0
     d02:	0000                	.2byte	0x0
     d04:	0000                	.2byte	0x0
     d06:	0000                	.2byte	0x0
     d08:	0000                	.2byte	0x0
     d0a:	0000                	.2byte	0x0
     d0c:	0000                	.2byte	0x0
     d0e:	0000                	.2byte	0x0
     d10:	0000                	.2byte	0x0
     d12:	0000                	.2byte	0x0
     d14:	0000                	.2byte	0x0
     d16:	0000                	.2byte	0x0
     d18:	0000                	.2byte	0x0
     d1a:	0000                	.2byte	0x0
     d1c:	0000                	.2byte	0x0
     d1e:	0000                	.2byte	0x0
     d20:	0000                	.2byte	0x0
     d22:	0000                	.2byte	0x0
     d24:	0000                	.2byte	0x0
     d26:	0000                	.2byte	0x0
     d28:	0000                	.2byte	0x0
     d2a:	0000                	.2byte	0x0
     d2c:	0000                	.2byte	0x0
     d2e:	0000                	.2byte	0x0
     d30:	0000                	.2byte	0x0
     d32:	0000                	.2byte	0x0
     d34:	0000                	.2byte	0x0
     d36:	0000                	.2byte	0x0
     d38:	0000                	.2byte	0x0
     d3a:	0000                	.2byte	0x0
     d3c:	0000                	.2byte	0x0
     d3e:	0000                	.2byte	0x0
     d40:	0000                	.2byte	0x0
     d42:	0000                	.2byte	0x0
     d44:	0000                	.2byte	0x0
     d46:	0000                	.2byte	0x0
     d48:	0000                	.2byte	0x0
     d4a:	0000                	.2byte	0x0
     d4c:	0000                	.2byte	0x0
     d4e:	0000                	.2byte	0x0
     d50:	0000                	.2byte	0x0
     d52:	0000                	.2byte	0x0
     d54:	0000                	.2byte	0x0
     d56:	0000                	.2byte	0x0
     d58:	0000                	.2byte	0x0
     d5a:	0000                	.2byte	0x0
     d5c:	0000                	.2byte	0x0
     d5e:	0000                	.2byte	0x0
     d60:	0000                	.2byte	0x0
     d62:	0000                	.2byte	0x0
     d64:	0000                	.2byte	0x0
     d66:	0000                	.2byte	0x0
     d68:	0000                	.2byte	0x0
     d6a:	0000                	.2byte	0x0
     d6c:	0000                	.2byte	0x0
     d6e:	0000                	.2byte	0x0
     d70:	0000                	.2byte	0x0
     d72:	0000                	.2byte	0x0
     d74:	0000                	.2byte	0x0
     d76:	0000                	.2byte	0x0
     d78:	0000                	.2byte	0x0
     d7a:	0000                	.2byte	0x0
     d7c:	0000                	.2byte	0x0
     d7e:	0000                	.2byte	0x0
     d80:	0000                	.2byte	0x0
     d82:	0000                	.2byte	0x0
     d84:	0000                	.2byte	0x0
     d86:	0000                	.2byte	0x0
     d88:	0000                	.2byte	0x0
     d8a:	0000                	.2byte	0x0
     d8c:	0000                	.2byte	0x0
     d8e:	0000                	.2byte	0x0
     d90:	0000                	.2byte	0x0
     d92:	0000                	.2byte	0x0
     d94:	0000                	.2byte	0x0
     d96:	0000                	.2byte	0x0
     d98:	0000                	.2byte	0x0
     d9a:	0000                	.2byte	0x0
     d9c:	0000                	.2byte	0x0
     d9e:	0000                	.2byte	0x0
     da0:	0000                	.2byte	0x0
     da2:	0000                	.2byte	0x0
     da4:	0000                	.2byte	0x0
     da6:	0000                	.2byte	0x0
     da8:	0000                	.2byte	0x0
     daa:	0000                	.2byte	0x0
     dac:	0000                	.2byte	0x0
     dae:	0000                	.2byte	0x0
     db0:	0000                	.2byte	0x0
     db2:	0000                	.2byte	0x0
     db4:	0000                	.2byte	0x0
     db6:	0000                	.2byte	0x0
     db8:	0000                	.2byte	0x0
     dba:	0000                	.2byte	0x0
     dbc:	0000                	.2byte	0x0
     dbe:	0000                	.2byte	0x0
     dc0:	0000                	.2byte	0x0
     dc2:	0000                	.2byte	0x0
     dc4:	0000                	.2byte	0x0
     dc6:	0000                	.2byte	0x0
     dc8:	0000                	.2byte	0x0
     dca:	0000                	.2byte	0x0
     dcc:	0000                	.2byte	0x0
     dce:	0000                	.2byte	0x0
     dd0:	0000                	.2byte	0x0
     dd2:	0000                	.2byte	0x0
     dd4:	0000                	.2byte	0x0
     dd6:	0000                	.2byte	0x0
     dd8:	0000                	.2byte	0x0
     dda:	0000                	.2byte	0x0
     ddc:	0000                	.2byte	0x0
     dde:	0000                	.2byte	0x0
     de0:	0000                	.2byte	0x0
     de2:	0000                	.2byte	0x0
     de4:	0000                	.2byte	0x0
     de6:	0000                	.2byte	0x0
     de8:	0000                	.2byte	0x0
     dea:	0000                	.2byte	0x0
     dec:	0000                	.2byte	0x0
     dee:	0000                	.2byte	0x0
     df0:	0000                	.2byte	0x0
     df2:	0000                	.2byte	0x0
     df4:	0000                	.2byte	0x0
     df6:	0000                	.2byte	0x0
     df8:	0000                	.2byte	0x0
     dfa:	0000                	.2byte	0x0
     dfc:	0000                	.2byte	0x0
     dfe:	0000                	.2byte	0x0
     e00:	0000                	.2byte	0x0
     e02:	0000                	.2byte	0x0
     e04:	0000                	.2byte	0x0
     e06:	0000                	.2byte	0x0
     e08:	0000                	.2byte	0x0
     e0a:	0000                	.2byte	0x0
     e0c:	0000                	.2byte	0x0
     e0e:	0000                	.2byte	0x0
     e10:	0000                	.2byte	0x0
     e12:	0000                	.2byte	0x0
     e14:	0000                	.2byte	0x0
     e16:	0000                	.2byte	0x0
     e18:	0000                	.2byte	0x0
     e1a:	0000                	.2byte	0x0
     e1c:	0000                	.2byte	0x0
     e1e:	0000                	.2byte	0x0
     e20:	0000                	.2byte	0x0
     e22:	0000                	.2byte	0x0
     e24:	0000                	.2byte	0x0
     e26:	0000                	.2byte	0x0
     e28:	0000                	.2byte	0x0
     e2a:	0000                	.2byte	0x0
     e2c:	0000                	.2byte	0x0
     e2e:	0000                	.2byte	0x0
     e30:	0000                	.2byte	0x0
     e32:	0000                	.2byte	0x0
     e34:	0000                	.2byte	0x0
     e36:	0000                	.2byte	0x0
     e38:	0000                	.2byte	0x0
     e3a:	0000                	.2byte	0x0
     e3c:	0000                	.2byte	0x0
     e3e:	0000                	.2byte	0x0
     e40:	0000                	.2byte	0x0
     e42:	0000                	.2byte	0x0
     e44:	0000                	.2byte	0x0
     e46:	0000                	.2byte	0x0
     e48:	0000                	.2byte	0x0
     e4a:	0000                	.2byte	0x0
     e4c:	0000                	.2byte	0x0
     e4e:	0000                	.2byte	0x0
     e50:	0000                	.2byte	0x0
     e52:	0000                	.2byte	0x0
     e54:	0000                	.2byte	0x0
     e56:	0000                	.2byte	0x0
     e58:	0000                	.2byte	0x0
     e5a:	0000                	.2byte	0x0
     e5c:	0000                	.2byte	0x0
     e5e:	0000                	.2byte	0x0
     e60:	0000                	.2byte	0x0
     e62:	0000                	.2byte	0x0
     e64:	0000                	.2byte	0x0
     e66:	0000                	.2byte	0x0
     e68:	0000                	.2byte	0x0
     e6a:	0000                	.2byte	0x0
     e6c:	0000                	.2byte	0x0
     e6e:	0000                	.2byte	0x0
     e70:	0000                	.2byte	0x0
     e72:	0000                	.2byte	0x0
     e74:	0000                	.2byte	0x0
     e76:	0000                	.2byte	0x0
     e78:	0000                	.2byte	0x0
     e7a:	0000                	.2byte	0x0
     e7c:	0000                	.2byte	0x0
     e7e:	0000                	.2byte	0x0
     e80:	0000                	.2byte	0x0
     e82:	0000                	.2byte	0x0
     e84:	0000                	.2byte	0x0
     e86:	0000                	.2byte	0x0
     e88:	0000                	.2byte	0x0
     e8a:	0000                	.2byte	0x0
     e8c:	0000                	.2byte	0x0
     e8e:	0000                	.2byte	0x0
     e90:	0000                	.2byte	0x0
     e92:	0000                	.2byte	0x0
     e94:	0000                	.2byte	0x0
     e96:	0000                	.2byte	0x0
     e98:	0000                	.2byte	0x0
     e9a:	0000                	.2byte	0x0
     e9c:	0000                	.2byte	0x0
     e9e:	0000                	.2byte	0x0
     ea0:	0000                	.2byte	0x0
     ea2:	0000                	.2byte	0x0
     ea4:	0000                	.2byte	0x0
     ea6:	0000                	.2byte	0x0
     ea8:	0000                	.2byte	0x0
     eaa:	0000                	.2byte	0x0
     eac:	0000                	.2byte	0x0
     eae:	0000                	.2byte	0x0
     eb0:	0000                	.2byte	0x0
     eb2:	0000                	.2byte	0x0
     eb4:	0000                	.2byte	0x0
     eb6:	0000                	.2byte	0x0
     eb8:	0000                	.2byte	0x0
     eba:	0000                	.2byte	0x0
     ebc:	0000                	.2byte	0x0
     ebe:	0000                	.2byte	0x0
     ec0:	0000                	.2byte	0x0
     ec2:	0000                	.2byte	0x0
     ec4:	0000                	.2byte	0x0
     ec6:	0000                	.2byte	0x0
     ec8:	0000                	.2byte	0x0
     eca:	0000                	.2byte	0x0
     ecc:	0000                	.2byte	0x0
     ece:	0000                	.2byte	0x0
     ed0:	0000                	.2byte	0x0
     ed2:	0000                	.2byte	0x0
     ed4:	0000                	.2byte	0x0
     ed6:	0000                	.2byte	0x0
     ed8:	0000                	.2byte	0x0
     eda:	0000                	.2byte	0x0
     edc:	0000                	.2byte	0x0
     ede:	0000                	.2byte	0x0
     ee0:	0000                	.2byte	0x0
     ee2:	0000                	.2byte	0x0
     ee4:	0000                	.2byte	0x0
     ee6:	0000                	.2byte	0x0
     ee8:	0000                	.2byte	0x0
     eea:	0000                	.2byte	0x0
     eec:	0000                	.2byte	0x0
     eee:	0000                	.2byte	0x0
     ef0:	0000                	.2byte	0x0
     ef2:	0000                	.2byte	0x0
     ef4:	0000                	.2byte	0x0
     ef6:	0000                	.2byte	0x0
     ef8:	0000                	.2byte	0x0
     efa:	0000                	.2byte	0x0
     efc:	0000                	.2byte	0x0
     efe:	0000                	.2byte	0x0
     f00:	0000                	.2byte	0x0
     f02:	0000                	.2byte	0x0
     f04:	0000                	.2byte	0x0
     f06:	0000                	.2byte	0x0
     f08:	0000                	.2byte	0x0
     f0a:	0000                	.2byte	0x0
     f0c:	0000                	.2byte	0x0
     f0e:	0000                	.2byte	0x0
     f10:	0000                	.2byte	0x0
     f12:	0000                	.2byte	0x0
     f14:	0000                	.2byte	0x0
     f16:	0000                	.2byte	0x0
     f18:	0000                	.2byte	0x0
     f1a:	0000                	.2byte	0x0
     f1c:	0000                	.2byte	0x0
     f1e:	0000                	.2byte	0x0
     f20:	0000                	.2byte	0x0
     f22:	0000                	.2byte	0x0
     f24:	0000                	.2byte	0x0
     f26:	0000                	.2byte	0x0
     f28:	0000                	.2byte	0x0
     f2a:	0000                	.2byte	0x0
     f2c:	0000                	.2byte	0x0
     f2e:	0000                	.2byte	0x0
     f30:	0000                	.2byte	0x0
     f32:	0000                	.2byte	0x0
     f34:	0000                	.2byte	0x0
     f36:	0000                	.2byte	0x0
     f38:	0000                	.2byte	0x0
     f3a:	0000                	.2byte	0x0
     f3c:	0000                	.2byte	0x0
     f3e:	0000                	.2byte	0x0
     f40:	0000                	.2byte	0x0
     f42:	0000                	.2byte	0x0
     f44:	0000                	.2byte	0x0
     f46:	0000                	.2byte	0x0
     f48:	0000                	.2byte	0x0
     f4a:	0000                	.2byte	0x0
     f4c:	0000                	.2byte	0x0
     f4e:	0000                	.2byte	0x0
     f50:	0000                	.2byte	0x0
     f52:	0000                	.2byte	0x0
     f54:	0000                	.2byte	0x0
     f56:	0000                	.2byte	0x0
     f58:	0000                	.2byte	0x0
     f5a:	0000                	.2byte	0x0
     f5c:	0000                	.2byte	0x0
     f5e:	0000                	.2byte	0x0
     f60:	0000                	.2byte	0x0
     f62:	0000                	.2byte	0x0
     f64:	0000                	.2byte	0x0
     f66:	0000                	.2byte	0x0
     f68:	0000                	.2byte	0x0
     f6a:	0000                	.2byte	0x0
     f6c:	0000                	.2byte	0x0
     f6e:	0000                	.2byte	0x0
     f70:	0000                	.2byte	0x0
     f72:	0000                	.2byte	0x0
     f74:	0000                	.2byte	0x0
     f76:	0000                	.2byte	0x0
     f78:	0000                	.2byte	0x0
     f7a:	0000                	.2byte	0x0
     f7c:	0000                	.2byte	0x0
     f7e:	0000                	.2byte	0x0
     f80:	0000                	.2byte	0x0
     f82:	0000                	.2byte	0x0
     f84:	0000                	.2byte	0x0
     f86:	0000                	.2byte	0x0
     f88:	0000                	.2byte	0x0
     f8a:	0000                	.2byte	0x0
     f8c:	0000                	.2byte	0x0
     f8e:	0000                	.2byte	0x0
     f90:	0000                	.2byte	0x0
     f92:	0000                	.2byte	0x0
     f94:	0000                	.2byte	0x0
     f96:	0000                	.2byte	0x0
     f98:	0000                	.2byte	0x0
     f9a:	0000                	.2byte	0x0
     f9c:	0000                	.2byte	0x0
     f9e:	0000                	.2byte	0x0
     fa0:	0000                	.2byte	0x0
     fa2:	0000                	.2byte	0x0
     fa4:	0000                	.2byte	0x0
     fa6:	0000                	.2byte	0x0
     fa8:	0000                	.2byte	0x0
     faa:	0000                	.2byte	0x0
     fac:	0000                	.2byte	0x0
     fae:	0000                	.2byte	0x0
     fb0:	0000                	.2byte	0x0
     fb2:	0000                	.2byte	0x0
     fb4:	0000                	.2byte	0x0
     fb6:	0000                	.2byte	0x0
     fb8:	0000                	.2byte	0x0
     fba:	0000                	.2byte	0x0
     fbc:	0000                	.2byte	0x0
     fbe:	0000                	.2byte	0x0
     fc0:	0000                	.2byte	0x0
     fc2:	0000                	.2byte	0x0
     fc4:	0000                	.2byte	0x0
     fc6:	0000                	.2byte	0x0
     fc8:	0000                	.2byte	0x0
     fca:	0000                	.2byte	0x0
     fcc:	0000                	.2byte	0x0
     fce:	0000                	.2byte	0x0
     fd0:	0000                	.2byte	0x0
     fd2:	0000                	.2byte	0x0
     fd4:	0000                	.2byte	0x0
     fd6:	0000                	.2byte	0x0
     fd8:	0000                	.2byte	0x0
     fda:	0000                	.2byte	0x0
     fdc:	0000                	.2byte	0x0
     fde:	0000                	.2byte	0x0
     fe0:	0000                	.2byte	0x0
     fe2:	0000                	.2byte	0x0
     fe4:	0000                	.2byte	0x0
     fe6:	0000                	.2byte	0x0
     fe8:	0000                	.2byte	0x0
     fea:	0000                	.2byte	0x0
     fec:	0000                	.2byte	0x0
     fee:	0000                	.2byte	0x0
     ff0:	0000                	.2byte	0x0
     ff2:	0000                	.2byte	0x0
     ff4:	0000                	.2byte	0x0
     ff6:	0000                	.2byte	0x0
     ff8:	0000                	.2byte	0x0
     ffa:	0000                	.2byte	0x0
     ffc:	0000                	.2byte	0x0
     ffe:	0000                	.2byte	0x0
    1000:	0000                	.2byte	0x0
    1002:	0000                	.2byte	0x0
    1004:	0000                	.2byte	0x0
    1006:	0000                	.2byte	0x0
    1008:	0000                	.2byte	0x0
    100a:	0000                	.2byte	0x0
    100c:	0000                	.2byte	0x0
    100e:	0000                	.2byte	0x0
    1010:	0000                	.2byte	0x0
    1012:	0000                	.2byte	0x0
    1014:	0000                	.2byte	0x0
    1016:	0000                	.2byte	0x0
    1018:	0000                	.2byte	0x0
    101a:	0000                	.2byte	0x0
    101c:	0000                	.2byte	0x0
    101e:	0000                	.2byte	0x0
    1020:	0000                	.2byte	0x0
    1022:	0000                	.2byte	0x0
    1024:	0000                	.2byte	0x0
    1026:	0000                	.2byte	0x0
    1028:	0000                	.2byte	0x0
    102a:	0000                	.2byte	0x0
    102c:	0000                	.2byte	0x0
    102e:	0000                	.2byte	0x0
    1030:	0000                	.2byte	0x0
    1032:	0000                	.2byte	0x0
    1034:	0000                	.2byte	0x0
    1036:	0000                	.2byte	0x0
    1038:	0000                	.2byte	0x0
    103a:	0000                	.2byte	0x0
    103c:	0000                	.2byte	0x0
    103e:	0000                	.2byte	0x0
    1040:	0000                	.2byte	0x0
    1042:	0000                	.2byte	0x0
    1044:	0000                	.2byte	0x0
    1046:	0000                	.2byte	0x0
    1048:	0000                	.2byte	0x0
    104a:	0000                	.2byte	0x0
    104c:	0000                	.2byte	0x0
    104e:	0000                	.2byte	0x0
    1050:	0000                	.2byte	0x0
    1052:	0000                	.2byte	0x0
    1054:	0000                	.2byte	0x0
    1056:	0000                	.2byte	0x0
    1058:	0000                	.2byte	0x0
    105a:	0000                	.2byte	0x0
    105c:	0000                	.2byte	0x0
    105e:	0000                	.2byte	0x0
    1060:	0000                	.2byte	0x0
    1062:	0000                	.2byte	0x0
    1064:	0000                	.2byte	0x0
    1066:	0000                	.2byte	0x0
    1068:	0000                	.2byte	0x0
    106a:	0000                	.2byte	0x0
    106c:	0000                	.2byte	0x0
    106e:	0000                	.2byte	0x0
    1070:	0000                	.2byte	0x0
    1072:	0000                	.2byte	0x0
    1074:	0000                	.2byte	0x0
    1076:	0000                	.2byte	0x0
    1078:	0000                	.2byte	0x0
    107a:	0000                	.2byte	0x0
    107c:	0000                	.2byte	0x0
    107e:	0000                	.2byte	0x0
    1080:	0000                	.2byte	0x0
    1082:	0000                	.2byte	0x0
    1084:	0000                	.2byte	0x0
    1086:	0000                	.2byte	0x0
    1088:	0000                	.2byte	0x0
    108a:	0000                	.2byte	0x0
    108c:	0000                	.2byte	0x0
    108e:	0000                	.2byte	0x0
    1090:	0000                	.2byte	0x0
    1092:	0000                	.2byte	0x0
    1094:	0000                	.2byte	0x0
    1096:	0000                	.2byte	0x0
    1098:	0000                	.2byte	0x0
    109a:	0000                	.2byte	0x0
    109c:	0000                	.2byte	0x0
    109e:	0000                	.2byte	0x0
    10a0:	0000                	.2byte	0x0
    10a2:	0000                	.2byte	0x0
    10a4:	0000                	.2byte	0x0
    10a6:	0000                	.2byte	0x0
    10a8:	0000                	.2byte	0x0
    10aa:	0000                	.2byte	0x0
    10ac:	0000                	.2byte	0x0
    10ae:	0000                	.2byte	0x0
    10b0:	0000                	.2byte	0x0
    10b2:	0000                	.2byte	0x0
    10b4:	0000                	.2byte	0x0
    10b6:	0000                	.2byte	0x0
    10b8:	0000                	.2byte	0x0
    10ba:	0000                	.2byte	0x0
    10bc:	0000                	.2byte	0x0
    10be:	0000                	.2byte	0x0
    10c0:	0000                	.2byte	0x0
    10c2:	0000                	.2byte	0x0
    10c4:	0000                	.2byte	0x0
    10c6:	0000                	.2byte	0x0
    10c8:	0000                	.2byte	0x0
    10ca:	0000                	.2byte	0x0
    10cc:	0000                	.2byte	0x0
    10ce:	0000                	.2byte	0x0
    10d0:	0000                	.2byte	0x0
    10d2:	0000                	.2byte	0x0
    10d4:	0000                	.2byte	0x0
    10d6:	0000                	.2byte	0x0
    10d8:	0000                	.2byte	0x0
    10da:	0000                	.2byte	0x0
    10dc:	0000                	.2byte	0x0
    10de:	0000                	.2byte	0x0
    10e0:	0000                	.2byte	0x0
    10e2:	0000                	.2byte	0x0
    10e4:	0000                	.2byte	0x0
    10e6:	0000                	.2byte	0x0
    10e8:	0000                	.2byte	0x0
    10ea:	0000                	.2byte	0x0
    10ec:	0000                	.2byte	0x0
    10ee:	0000                	.2byte	0x0
    10f0:	0000                	.2byte	0x0
    10f2:	0000                	.2byte	0x0
    10f4:	0000                	.2byte	0x0
    10f6:	0000                	.2byte	0x0
    10f8:	0000                	.2byte	0x0
    10fa:	0000                	.2byte	0x0
    10fc:	0000                	.2byte	0x0
    10fe:	0000                	.2byte	0x0
    1100:	0000                	.2byte	0x0
    1102:	0000                	.2byte	0x0
    1104:	0000                	.2byte	0x0
    1106:	0000                	.2byte	0x0
    1108:	0000                	.2byte	0x0
    110a:	0000                	.2byte	0x0
    110c:	0000                	.2byte	0x0
    110e:	0000                	.2byte	0x0
    1110:	0000                	.2byte	0x0
    1112:	0000                	.2byte	0x0
    1114:	0000                	.2byte	0x0
    1116:	0000                	.2byte	0x0
    1118:	0000                	.2byte	0x0
    111a:	0000                	.2byte	0x0
    111c:	0000                	.2byte	0x0
    111e:	0000                	.2byte	0x0
    1120:	0000                	.2byte	0x0
    1122:	0000                	.2byte	0x0
    1124:	0000                	.2byte	0x0
    1126:	0000                	.2byte	0x0
    1128:	0000                	.2byte	0x0
    112a:	0000                	.2byte	0x0
    112c:	0000                	.2byte	0x0
    112e:	0000                	.2byte	0x0
    1130:	0000                	.2byte	0x0
    1132:	0000                	.2byte	0x0
    1134:	0000                	.2byte	0x0
    1136:	0000                	.2byte	0x0
    1138:	0000                	.2byte	0x0
    113a:	0000                	.2byte	0x0
    113c:	0000                	.2byte	0x0
    113e:	0000                	.2byte	0x0
    1140:	0000                	.2byte	0x0
    1142:	0000                	.2byte	0x0
    1144:	0000                	.2byte	0x0
    1146:	0000                	.2byte	0x0
    1148:	0000                	.2byte	0x0
    114a:	0000                	.2byte	0x0
    114c:	0000                	.2byte	0x0
    114e:	0000                	.2byte	0x0
    1150:	0000                	.2byte	0x0
    1152:	0000                	.2byte	0x0
    1154:	0000                	.2byte	0x0
    1156:	0000                	.2byte	0x0
    1158:	0000                	.2byte	0x0
    115a:	0000                	.2byte	0x0
    115c:	0000                	.2byte	0x0
    115e:	0000                	.2byte	0x0

Disassembly of section .comment:

00000000 <.comment>:
   0:	3a434347          	.4byte	0x3a434347
   4:	2820                	.2byte	0x2820
   6:	63643967          	.4byte	0x63643967
   a:	61656163          	bltu	a0,s6,60c <__bss_end+0x4ac>
   e:	3561                	.2byte	0x3561
  10:	3638                	.2byte	0x3638
  12:	2029                	.2byte	0x2029
  14:	3231                	.2byte	0x3231
  16:	322e                	.2byte	0x322e
  18:	312e                	.2byte	0x312e
  1a:	3220                	.2byte	0x3220
  1c:	3230                	.2byte	0x3230
  1e:	33313033          	.4byte	0x33313033
  22:	0030                	.2byte	0x30
  24:	3a434347          	.4byte	0x3a434347
  28:	2820                	.2byte	0x2820
  2a:	65653267          	.4byte	0x65653267
  2e:	6535                	.2byte	0x6535
  30:	3334                	.2byte	0x3334
  32:	3030                	.2byte	0x3030
  34:	3831                	.2byte	0x3831
  36:	2029                	.2byte	0x2029
  38:	3231                	.2byte	0x3231
  3a:	322e                	.2byte	0x322e
  3c:	302e                	.2byte	0x302e
  3e:	00              	Address 0x000000000000003e is out of bounds.


Disassembly of section .riscv.attributes:

00000000 <.riscv.attributes>:
   0:	2041                	.2byte	0x2041
   2:	0000                	.2byte	0x0
   4:	7200                	.2byte	0x7200
   6:	7369                	.2byte	0x7369
   8:	01007663          	bgeu	zero,a6,14 <bss_init+0x4>
   c:	0016                	.2byte	0x16
   e:	0000                	.2byte	0x0
  10:	1004                	.2byte	0x1004
  12:	7205                	.2byte	0x7205
  14:	3376                	.2byte	0x3376
  16:	6932                	.2byte	0x6932
  18:	7032                	.2byte	0x7032
  1a:	5f30                	.2byte	0x5f30
  1c:	326d                	.2byte	0x326d
  1e:	3070                	.2byte	0x3070
  20:	00              	Address 0x0000000000000020 is out of bounds.

